[debug] [2022-01-16T00:02:59.349Z] ----------------------------------------------------------------------
[debug] [2022-01-16T00:02:59.352Z] Command:       /usr/local/bin/node /usr/local/bin/firebase init
[debug] [2022-01-16T00:02:59.352Z] CLI Version:   10.1.0
[debug] [2022-01-16T00:02:59.352Z] Platform:      darwin
[debug] [2022-01-16T00:02:59.352Z] Node Version:  v14.17.6
[debug] [2022-01-16T00:02:59.353Z] Time:          Sun Jan 16 2022 01:02:59 GMT+0100 (heure normale d’Europe centrale)
[debug] [2022-01-16T00:02:59.354Z] ----------------------------------------------------------------------
[debug] 
[debug] [2022-01-16T00:02:59.360Z] > command requires scopes: ["email","openid","https://www.googleapis.com/auth/cloudplatformprojects.readonly","https://www.googleapis.com/auth/firebase","https://www.googleapis.com/auth/cloud-platform"]
[debug] [2022-01-16T00:02:59.361Z] > authorizing via signed-in user (jairometeor@gmail.com)
[info] 
     ######## #### ########  ######## ########     ###     ######  ########
     ##        ##  ##     ## ##       ##     ##  ##   ##  ##       ##
     ######    ##  ########  ######   ########  #########  ######  ######
     ##        ##  ##    ##  ##       ##     ## ##     ##       ## ##
     ##       #### ##     ## ######## ########  ##     ##  ######  ########

You're about to initialize a Firebase project in this directory:

  /Users/andranikhakobyan/Desktop/la-boutique-francaise

[info] 
=== Project Setup
[info] 
[info] First, let's associate this project directory with a Firebase project.
[info] You can create multiple project aliases by running firebase use --add, 
[info] but for now we'll just set up a default project.
[info] 
[debug] [2022-01-16T00:03:06.281Z] >>> [apiv2][query] GET https://firebase.googleapis.com/v1beta1/projects pageSize=100
[debug] [2022-01-16T00:03:06.801Z] <<< [apiv2][status] GET https://firebase.googleapis.com/v1beta1/projects 200
[debug] [2022-01-16T00:03:06.802Z] <<< [apiv2][body] GET https://firebase.googleapis.com/v1beta1/projects [omitted]
[info] i  Using project projetecommerce-d5e12 (projetEcommerce) 
[info] 
=== Hosting Setup
[info] 
[info] Your public directory is the folder (relative to your project directory) that
[info] will contain Hosting assets to be uploaded with firebase deploy. If you
[info] have a build process for your assets, use your build's output directory.
[info] 
[info] ✔  Wrote public/404.html 
[debug] [2022-01-16T00:05:02.010Z] >>> [apiv2][query] GET https://www.gstatic.com/firebasejs/releases.json [none]
[debug] [2022-01-16T00:05:02.093Z] <<< [apiv2][status] GET https://www.gstatic.com/firebasejs/releases.json 200
[debug] [2022-01-16T00:05:02.093Z] <<< [apiv2][body] GET https://www.gstatic.com/firebasejs/releases.json {"current":{"version":"9.6.3","browserURL":"https://www.gstatic.com/firebasejs/9.6.3/firebase.js","packageURL":"https://www.gstatic.com/firebasejs/9.6.3/firebase.tgz"},"live":{"version":"9.6","browserURL":"https://www.gstatic.com/firebasejs/live/9.6/firebase.js","packageURL":"https://www.gstatic.com/firebasejs/live/9.6/firebase.tgz"},"components":{"analytics":"https://www.gstatic.com/firebasejs/9.6.3/firebase-analytics.js","app":"https://www.gstatic.com/firebasejs/9.6.3/firebase-app.js","app-check":"https://www.gstatic.com/firebasejs/9.6.3/firebase-app-check.js","auth":"https://www.gstatic.com/firebasejs/9.6.3/firebase-auth.js","auth/cordova":"https://www.gstatic.com/firebasejs/9.6.3/firebase-auth/cordova.js","auth/react-native":"https://www.gstatic.com/firebasejs/9.6.3/firebase-auth/react-native.js","functions":"https://www.gstatic.com/firebasejs/9.6.3/firebase-functions.js","firestore":"https://www.gstatic.com/firebasejs/9.6.3/firebase-firestore.js","firestore/lite":"https://www.gstatic.com/firebasejs/9.6.3/firebase-firestore/lite.js","storage":"https://www.gstatic.com/firebasejs/9.6.3/firebase-storage.js","performance":"https://www.gstatic.com/firebasejs/9.6.3/firebase-performance.js","remote-config":"https://www.gstatic.com/firebasejs/9.6.3/firebase-remote-config.js","messaging":"https://www.gstatic.com/firebasejs/9.6.3/firebase-messaging.js","messaging/sw":"https://www.gstatic.com/firebasejs/9.6.3/firebase-messaging/sw.js","database":"https://www.gstatic.com/firebasejs/9.6.3/firebase-database.js","firestore.memory":"https://www.gstatic.com/firebasejs/9.6.3/firebase-firestore.memory.js"}}
[info] ✔  Wrote public/index.html 
[info] 
[info] i  Didn't detect a .git folder. Assuming /Users/andranikhakobyan/Desktop/la-boutique-francaise is the project root. 
[info] i  Authorizing with GitHub to upload your service account to a GitHub repository's secrets store. 
[info] 
[info] Visit this URL on this device to log in:
[info] https://github.com/login/oauth/authorize?client_id=89cf50f02ac6aaed3484&state=221422001&redirect_uri=http%3A%2F%2Flocalhost%3A9005&scope=read%3Auser%20repo%20public_repo
[info] 
[info] Waiting for authentication...
[debug] [2022-01-16T00:05:57.545Z] >>> HTTP REQUEST POST https://github.com/login/oauth/access_token  
 {"client_id":"89cf50f02ac6aaed3484","client_secret":"3330d14abc895d9a74d5f17cd7a00711fa2c5bf0","code":"06b87ebbadbef00f7627","redirect_uri":"http://localhost:9005","state":"221422001"}
[debug] [2022-01-16T00:05:57.847Z] <<< HTTP RESPONSE 200 {"server":"GitHub.com","date":"Sun, 16 Jan 2022 00:05:57 GMT","content-type":"application/json; charset=utf-8","transfer-encoding":"chunked","vary":"X-PJAX, X-PJAX-Container, Accept-Encoding, Accept, X-Requested-With","permissions-policy":"interest-cohort=()","etag":"W/\"1acece4ad781c6c5c8eb36bfad66aafd\"","cache-control":"max-age=0, private, must-revalidate","strict-transport-security":"max-age=31536000; includeSubdomains; preload","x-frame-options":"deny","x-content-type-options":"nosniff","x-xss-protection":"0","referrer-policy":"origin-when-cross-origin, strict-origin-when-cross-origin","expect-ct":"max-age=2592000, report-uri=\"https://api.github.com/_private/browser/errors\"","content-security-policy":"default-src 'none'; base-uri 'self'; block-all-mixed-content; child-src github.com/assets-cdn/worker/ gist.github.com/assets-cdn/worker/; connect-src 'self' uploads.github.com objects-origin.githubusercontent.com www.githubstatus.com collector.githubapp.com api.github.com github-cloud.s3.amazonaws.com github-production-repository-file-5c1aeb.s3.amazonaws.com github-production-upload-manifest-file-7fdce7.s3.amazonaws.com github-production-user-asset-6210df.s3.amazonaws.com cdn.optimizely.com logx.optimizely.com/v1/events translator.github.com wss://alive.github.com; font-src github.githubassets.com; form-action 'self' github.com gist.github.com objects-origin.githubusercontent.com; frame-ancestors 'none'; frame-src render.githubusercontent.com viewscreen.githubusercontent.com notebooks.githubusercontent.com; img-src 'self' data: github.githubassets.com identicons.github.com collector.githubapp.com github-cloud.s3.amazonaws.com secured-user-images.githubusercontent.com/ *.githubusercontent.com; manifest-src 'self'; media-src github.com user-images.githubusercontent.com/; script-src github.githubassets.com; style-src 'unsafe-inline' github.githubassets.com; worker-src github.com/assets-cdn/worker/ gist.github.com/assets-cdn/worker/","x-github-request-id":"F16B:10D0B:10C919D:124A151:61E36165"}
[debug] [2022-01-16T00:05:57.856Z] >>> [apiv2][query] GET https://api.github.com/user [none]
[debug] [2022-01-16T00:05:58.719Z] <<< [apiv2][status] GET https://api.github.com/user 200
[debug] [2022-01-16T00:05:58.719Z] <<< [apiv2][body] GET https://api.github.com/user {"login":"andranik777","id":71715462,"node_id":"MDQ6VXNlcjcxNzE1NDYy","avatar_url":"https://avatars.githubusercontent.com/u/71715462?v=4","gravatar_id":"","url":"https://api.github.com/users/andranik777","html_url":"https://github.com/andranik777","followers_url":"https://api.github.com/users/andranik777/followers","following_url":"https://api.github.com/users/andranik777/following{/other_user}","gists_url":"https://api.github.com/users/andranik777/gists{/gist_id}","starred_url":"https://api.github.com/users/andranik777/starred{/owner}{/repo}","subscriptions_url":"https://api.github.com/users/andranik777/subscriptions","organizations_url":"https://api.github.com/users/andranik777/orgs","repos_url":"https://api.github.com/users/andranik777/repos","events_url":"https://api.github.com/users/andranik777/events{/privacy}","received_events_url":"https://api.github.com/users/andranik777/received_events","type":"User","site_admin":false,"name":"Andranik Hakobyan","company":null,"blog":"","location":"France","email":null,"hireable":null,"bio":null,"twitter_username":null,"public_repos":51,"public_gists":0,"followers":2,"following":1,"created_at":"2020-09-22T14:40:31Z","updated_at":"2021-11-22T09:34:47Z","private_gists":0,"total_private_repos":2,"owned_private_repos":2,"disk_usage":167738,"collaborators":2,"two_factor_authentication":false,"plan":{"name":"free","space":976562499,"collaborators":0,"private_repos":10000}}
[info] 
[info] ✔  Success! Logged into GitHub as andranik777 
[info] 
[debug] [2022-01-16T00:06:29.618Z] >>> [apiv2][query] GET https://api.github.com/repos//actions/secrets/public-key type=owner
[debug] [2022-01-16T00:06:29.851Z] <<< [apiv2][status] GET https://api.github.com/repos//actions/secrets/public-key 404
[debug] [2022-01-16T00:06:29.852Z] <<< [apiv2][body] GET https://api.github.com/repos//actions/secrets/public-key {"message":"Not Found","documentation_url":"https://docs.github.com/rest"}
[debug] [2022-01-16T00:06:33.841Z] >>> [apiv2][query] GET https://api.github.com/repos//actions/secrets/public-key type=owner
[debug] [2022-01-16T00:06:34.051Z] <<< [apiv2][status] GET https://api.github.com/repos//actions/secrets/public-key 404
[debug] [2022-01-16T00:06:34.052Z] <<< [apiv2][body] GET https://api.github.com/repos//actions/secrets/public-key {"message":"Not Found","documentation_url":"https://docs.github.com/rest"}
[debug] [2022-01-16T00:06:37.989Z] >>> [apiv2][query] GET https://api.github.com/repos//actions/secrets/public-key type=owner
[debug] [2022-01-16T00:06:38.193Z] <<< [apiv2][status] GET https://api.github.com/repos//actions/secrets/public-key 404
[debug] [2022-01-16T00:06:38.194Z] <<< [apiv2][body] GET https://api.github.com/repos//actions/secrets/public-key {"message":"Not Found","documentation_url":"https://docs.github.com/rest"}
[debug] [2022-01-16T00:06:38.278Z] >>> [apiv2][query] GET https://api.github.com/repos//actions/secrets/public-key type=owner
[debug] [2022-01-16T00:06:38.478Z] <<< [apiv2][status] GET https://api.github.com/repos//actions/secrets/public-key 404
[debug] [2022-01-16T00:06:38.478Z] <<< [apiv2][body] GET https://api.github.com/repos//actions/secrets/public-key {"message":"Not Found","documentation_url":"https://docs.github.com/rest"}
[debug] [2022-01-16T00:06:47.815Z] >>> [apiv2][query] GET https://api.github.com/repos/user/repository/actions/secrets/public-key type=owner
[debug] [2022-01-16T00:06:48.022Z] <<< [apiv2][status] GET https://api.github.com/repos/user/repository/actions/secrets/public-key 404
[debug] [2022-01-16T00:06:48.022Z] <<< [apiv2][body] GET https://api.github.com/repos/user/repository/actions/secrets/public-key {"message":"Not Found","documentation_url":"https://docs.github.com/rest/reference/actions#get-a-repository-public-key"}
[debug] [2022-01-16T00:06:58.115Z] >>> [apiv2][query] GET https://api.github.com/repos//actions/secrets/public-key type=owner
[debug] [2022-01-16T00:06:58.319Z] <<< [apiv2][status] GET https://api.github.com/repos//actions/secrets/public-key 404
[debug] [2022-01-16T00:06:58.320Z] <<< [apiv2][body] GET https://api.github.com/repos//actions/secrets/public-key {"message":"Not Found","documentation_url":"https://docs.github.com/rest"}
[debug] [2022-01-16T00:06:58.340Z] >>> [apiv2][query] GET https://api.github.com/repos//actions/secrets/public-key type=owner
[debug] [2022-01-16T00:06:58.541Z] <<< [apiv2][status] GET https://api.github.com/repos//actions/secrets/public-key 404
[debug] [2022-01-16T00:06:58.541Z] <<< [apiv2][body] GET https://api.github.com/repos//actions/secrets/public-key {"message":"Not Found","documentation_url":"https://docs.github.com/rest"}
